<?xml version="1.0" encoding="UTF-8"?>
<testsuite xmlns:xsi="http://www.w3.org/2001/XMLSchema-instance" xsi:noNamespaceSchemaLocation="https://maven.apache.org/surefire/maven-surefire-plugin/xsd/surefire-test-report-3.0.xsd" version="3.0" name="TestSuite" time="9.661" tests="1" errors="0" skipped="0" failures="0">
  <properties>
[...]
</properties>
  <testcase name="sampleTest" classname="utils.ExtendReports.extentReports" time="8.953">
    <system-out><![CDATA[D:\ExtentDemo\ReportProject
]]></system-out>
    <system-err><![CDATA[SLF4J: Failed to load class "org.slf4j.impl.StaticLoggerBinder".
SLF4J: Defaulting to no-operation (NOP) logger implementation
SLF4J: See http://www.slf4j.org/codes.html#StaticLoggerBinder for further details.
1688884755960	geckodriver	INFO	Listening on 127.0.0.1:25476
1688884756403	mozrunner::runner	INFO	Running command: "C:\\Program Files\\Mozilla Firefox\\firefox.exe" "--marionette" "--remote-debugging-port" "14864" "--remote ... ocalhost:14864/,http://[::1]:14864/" "-no-remote" "-profile" "C:\\Users\\lenovo\\AppData\\Local\\Temp\\rust_mozprofile5mAdfp"
console.warn: services.settings: Ignoring preference override of remote settings server
console.warn: services.settings: Allow by setting MOZ_REMOTE_SETTINGS_DEVTOOLS=1 in the environment
1688884756699	Marionette	INFO	Marionette enabled
Dynamically enable window occlusion 0
1688884756706	Marionette	INFO	Listening on port 63166
Read port: 63166
WebDriver BiDi listening on ws://127.0.0.1:14864
1688884756847	RemoteAgent	WARN	TLS certificate errors will be ignored for this session
DevTools listening on ws://127.0.0.1:14864/devtools/browser/d34307d8-80fe-425a-aa8e-916e9398d6ca
]]></system-err>
  </testcase>
</testsuite>